2014-12-04 06:44:54 Error: [PDOException] SQLSTATE[HY000] [1045] Access denied for user 'my_app'@'localhost' (using password: YES)
Stack Trace:
#0 E:\wamp\www\veritas3\vendor\cakephp\cakephp\src\Database\Driver\PDODriverTrait.php(45): PDO->__construct('mysql:host=loca...', 'my_app', 'secret', Array)
#1 E:\wamp\www\veritas3\vendor\cakephp\cakephp\src\Database\Driver\Mysql.php(82): Cake\Database\Driver\Mysql->_connect('mysql:host=loca...', Array)
#2 E:\wamp\www\veritas3\vendor\cakephp\cakephp\src\Database\Schema\BaseSchema.php(44): Cake\Database\Driver\Mysql->connect()
#3 E:\wamp\www\veritas3\vendor\cakephp\cakephp\src\Database\Dialect\MysqlDialectTrait.php(60): Cake\Database\Schema\BaseSchema->__construct(Object(Cake\Database\Driver\Mysql))
#4 E:\wamp\www\veritas3\vendor\cakephp\cakephp\src\Database\Schema\Collection.php(50): Cake\Database\Driver\Mysql->schemaDialect()
#5 E:\wamp\www\veritas3\vendor\cakephp\cakephp\src\Database\Schema\CachedCollection.php(42): Cake\Database\Schema\Collection->__construct(Object(Cake\Database\Connection))
#6 E:\wamp\www\veritas3\vendor\cakephp\cakephp\src\Database\Connection.php(304): Cake\Database\Schema\CachedCollection->__construct(Object(Cake\Database\Connection), true)
#7 E:\wamp\www\veritas3\vendor\cakephp\cakephp\src\Shell\Task\ModelTask.php(695): Cake\Database\Connection->schemaCollection()
#8 E:\wamp\www\veritas3\vendor\cakephp\cakephp\src\Shell\Task\ModelTask.php(672): Cake\Shell\Task\ModelTask->_getAllTables()
#9 E:\wamp\www\veritas3\vendor\cakephp\cakephp\src\Shell\Task\ModelTask.php(167): Cake\Shell\Task\ModelTask->listAll()
#10 E:\wamp\www\veritas3\vendor\cakephp\cakephp\src\Shell\Task\ModelTask.php(102): Cake\Shell\Task\ModelTask->getAssociations(Object(Cake\ORM\Table))
#11 E:\wamp\www\veritas3\vendor\cakephp\cakephp\src\Shell\BakeShell.php(217): Cake\Shell\Task\ModelTask->bake('Users')
#12 [internal function]: Cake\Shell\BakeShell->all('users')
#13 E:\wamp\www\veritas3\vendor\cakephp\cakephp\src\Console\Shell.php(365): call_user_func_array(Array, Array)
#14 E:\wamp\www\veritas3\vendor\cakephp\cakephp\src\Console\ShellDispatcher.php(191): Cake\Console\Shell->runCommand(Array, true)
#15 E:\wamp\www\veritas3\vendor\cakephp\cakephp\src\Console\ShellDispatcher.php(163): Cake\Console\ShellDispatcher->_dispatch()
#16 E:\wamp\www\veritas3\vendor\cakephp\cakephp\src\Console\ShellDispatcher.php(117): Cake\Console\ShellDispatcher->dispatch()
#17 E:\wamp\www\veritas3\bin\cake.php(20): Cake\Console\ShellDispatcher::run(Array)
#18 {main}


